2020-07-08 11:04:23,987  INFO [main] BasePage:71 - properties intilizes.......
2020-07-08 11:04:24,024  INFO [main] BasePage:75 - read prop file
2020-07-08 11:04:24,025  INFO [main] BasePage:38 - driver intialize..........
2020-07-08 11:04:28,248  INFO [main] BasePage:45 - Lunch Chrome Browser...........
2020-07-08 11:05:37,193  INFO [main] LoginPage:25 - Driver intilize..........
2020-07-08 11:05:40,604  INFO [main] IdeatorPageTest:29 - Enter Ideator Credentials......
2020-07-08 11:05:41,536  INFO [main] LoginPage:35 - Enter Credentials..........
2020-07-08 11:05:45,102  INFO [main] LoginPage:39 - Click on Loin Button.......
2020-07-08 11:05:50,673  INFO [main] IdeatorPageTest:41 - Create an idea on ideator page
2020-07-08 11:06:09,153  INFO [main] BasePage:71 - properties intilizes.......
2020-07-08 11:06:09,157  INFO [main] BasePage:75 - read prop file
2020-07-08 11:06:09,158  INFO [main] BasePage:38 - driver intialize..........
2020-07-08 11:06:09,231  INFO [main] BasePage:45 - Lunch Chrome Browser...........
2020-07-08 11:06:23,103  INFO [main] LoginPage:25 - Driver intilize..........
2020-07-08 11:06:23,177  INFO [main] Level1PageTest:22 - Enter Level1 Credentials......
2020-07-08 11:06:23,178  INFO [main] LoginPage:35 - Enter Credentials..........
2020-07-08 11:06:24,797  INFO [main] LoginPage:39 - Click on Loin Button.......
2020-07-08 11:06:29,196  INFO [main] Level1PageTest:35 - Idea Approve By Level1 ..........
2020-07-08 11:06:53,828  INFO [main] BasePage:71 - properties intilizes.......
2020-07-08 11:06:53,829  INFO [main] BasePage:75 - read prop file
2020-07-08 11:06:53,837  INFO [main] BasePage:38 - driver intialize..........
2020-07-08 11:06:53,930  INFO [main] BasePage:45 - Lunch Chrome Browser...........
2020-07-08 11:07:03,657  INFO [main] LoginPage:25 - Driver intilize..........
2020-07-08 11:07:03,723  INFO [main] IdeatorPageTest:29 - Enter Ideator Credentials......
2020-07-08 11:07:03,723  INFO [main] LoginPage:35 - Enter Credentials..........
2020-07-08 11:07:04,936  INFO [main] LoginPage:39 - Click on Loin Button.......
2020-07-08 11:09:10,493  INFO [main] BasePage:71 - properties intilizes.......
2020-07-08 11:09:10,493  INFO [main] BasePage:75 - read prop file
2020-07-08 11:09:11,170  INFO [main] BasePage:38 - driver intialize..........
2020-07-08 11:09:14,748  INFO [main] BasePage:45 - Lunch Chrome Browser...........
2020-07-08 11:09:38,519  INFO [main] LoginPage:25 - Driver intilize..........
2020-07-08 11:09:38,851  INFO [main] BusinessFinancePageTest:22 - Enter BF Credentials......
2020-07-08 11:09:38,852  INFO [main] LoginPage:35 - Enter Credentials..........
2020-07-08 11:09:39,857  INFO [main] LoginPage:39 - Click on Loin Button.......
2020-07-08 11:09:45,035  INFO [main] BusinessFinancePageTest:35 - Idea Validate By BusinessFinance Page ..........
2020-07-08 11:10:07,148  INFO [main] BasePage:71 - properties intilizes.......
2020-07-08 11:10:07,148  INFO [main] BasePage:75 - read prop file
2020-07-08 11:10:07,149  INFO [main] BasePage:38 - driver intialize..........
2020-07-08 11:10:07,182  INFO [main] BasePage:45 - Lunch Chrome Browser...........
2020-07-08 11:10:17,417  INFO [main] LoginPage:25 - Driver intilize..........
2020-07-08 11:10:17,457  INFO [main] Level2PageTest:20 - Enter BF Credentials......
2020-07-08 11:10:17,458  INFO [main] LoginPage:35 - Enter Credentials..........
2020-07-08 11:10:18,690  INFO [main] LoginPage:39 - Click on Loin Button.......
2020-07-08 11:10:22,047  INFO [main] Level2PageTest:33 - Idea Approve By Level2 Page ..........
2020-07-08 11:10:39,711  INFO [main] BasePage:71 - properties intilizes.......
2020-07-08 11:10:39,712  INFO [main] BasePage:75 - read prop file
2020-07-08 11:10:39,714  INFO [main] BasePage:38 - driver intialize..........
2020-07-08 11:10:39,762  INFO [main] BasePage:45 - Lunch Chrome Browser...........
2020-07-08 11:10:50,498  INFO [main] LoginPage:25 - Driver intilize..........
2020-07-08 11:10:50,660  INFO [main] Level3PageTest:20 - Enter Level3 Credentials......
2020-07-08 11:10:50,661  INFO [main] LoginPage:35 - Enter Credentials..........
2020-07-08 11:10:51,627  INFO [main] LoginPage:39 - Click on Loin Button.......
2020-07-08 11:10:54,905  INFO [main] Level3PageTest:33 - Idea Approve By Level3 Page ..........
2020-07-08 11:11:13,256  INFO [main] BasePage:71 - properties intilizes.......
2020-07-08 11:11:13,257  INFO [main] BasePage:75 - read prop file
2020-07-08 11:11:13,258  INFO [main] BasePage:38 - driver intialize..........
2020-07-08 11:11:13,300  INFO [main] BasePage:45 - Lunch Chrome Browser...........
2020-07-08 11:11:21,930  INFO [main] LoginPage:25 - Driver intilize..........
2020-07-08 11:11:21,963  INFO [main] Level4PageTest:21 - Enter Level4 Credentials......
2020-07-08 11:11:21,964  INFO [main] LoginPage:35 - Enter Credentials..........
2020-07-08 11:11:22,984  INFO [main] LoginPage:39 - Click on Loin Button.......
2020-07-08 11:11:26,134  INFO [main] Level4PageTest:35 - Idea Approve By Level4 Page ..........
2020-07-08 11:11:58,814 DEBUG [main] cache:45 - Couldn't find template in cache for "index.ftl"("en", UTF-8, parsed); will try to load it.
2020-07-08 11:11:58,816 DEBUG [main] cache:45 - TemplateLoader.findTemplateSource("index_en.ftl"): Not found
2020-07-08 11:11:58,823 DEBUG [main] cache:45 - TemplateLoader.findTemplateSource("index.ftl"): Found
2020-07-08 11:11:58,824 DEBUG [main] cache:45 - Loading template for "index.ftl"("en", UTF-8, parsed) from "jar:file:/C:/Users/Kamal/.m2/repository/com/aventstack/extentreports/3.1.5/extentreports-3.1.5.jar!/com/aventstack/extentreports/view/html-report/index.ftl"
2020-07-08 11:11:59,944 DEBUG [main] cache:45 - Couldn't find template in cache for "head.ftl"("en", UTF-8, parsed); will try to load it.
2020-07-08 11:11:59,945 DEBUG [main] cache:45 - TemplateLoader.findTemplateSource("head_en.ftl"): Not found
2020-07-08 11:11:59,947 DEBUG [main] cache:45 - TemplateLoader.findTemplateSource("head.ftl"): Found
2020-07-08 11:11:59,948 DEBUG [main] cache:45 - Loading template for "head.ftl"("en", UTF-8, parsed) from "jar:file:/C:/Users/Kamal/.m2/repository/com/aventstack/extentreports/3.1.5/extentreports-3.1.5.jar!/com/aventstack/extentreports/view/html-report/head.ftl"
2020-07-08 11:11:59,952 DEBUG [main] cache:45 - Couldn't find template in cache for "nav.ftl"("en", UTF-8, parsed); will try to load it.
2020-07-08 11:11:59,953 DEBUG [main] cache:45 - TemplateLoader.findTemplateSource("nav_en.ftl"): Not found
2020-07-08 11:11:59,954 DEBUG [main] cache:45 - TemplateLoader.findTemplateSource("nav.ftl"): Found
2020-07-08 11:11:59,955 DEBUG [main] cache:45 - Loading template for "nav.ftl"("en", UTF-8, parsed) from "jar:file:/C:/Users/Kamal/.m2/repository/com/aventstack/extentreports/3.1.5/extentreports-3.1.5.jar!/com/aventstack/extentreports/view/html-report/nav.ftl"
2020-07-08 11:11:59,978 DEBUG [main] cache:45 - Couldn't find template in cache for "test-view/test-view.ftl"("en", UTF-8, parsed); will try to load it.
2020-07-08 11:11:59,979 DEBUG [main] cache:45 - TemplateLoader.findTemplateSource("test-view/test-view_en.ftl"): Not found
2020-07-08 11:11:59,980 DEBUG [main] cache:45 - TemplateLoader.findTemplateSource("test-view/test-view.ftl"): Found
2020-07-08 11:11:59,981 DEBUG [main] cache:45 - Loading template for "test-view/test-view.ftl"("en", UTF-8, parsed) from "jar:file:/C:/Users/Kamal/.m2/repository/com/aventstack/extentreports/3.1.5/extentreports-3.1.5.jar!/com/aventstack/extentreports/view/html-report/test-view/test-view.ftl"
2020-07-08 11:12:00,012 DEBUG [main] cache:45 - Couldn't find template in cache for "test-view/test-view-charts.ftl"("en", UTF-8, parsed); will try to load it.
2020-07-08 11:12:00,014 DEBUG [main] cache:45 - TemplateLoader.findTemplateSource("test-view/test-view-charts_en.ftl"): Not found
2020-07-08 11:12:00,016 DEBUG [main] cache:45 - TemplateLoader.findTemplateSource("test-view/test-view-charts.ftl"): Found
2020-07-08 11:12:00,016 DEBUG [main] cache:45 - Loading template for "test-view/test-view-charts.ftl"("en", UTF-8, parsed) from "jar:file:/C:/Users/Kamal/.m2/repository/com/aventstack/extentreports/3.1.5/extentreports-3.1.5.jar!/com/aventstack/extentreports/view/html-report/test-view/test-view-charts.ftl"
2020-07-08 11:12:00,071 DEBUG [main] cache:45 - Couldn't find template in cache for "test-view/standard.ftl"("en", UTF-8, parsed); will try to load it.
2020-07-08 11:12:00,072 DEBUG [main] cache:45 - TemplateLoader.findTemplateSource("test-view/standard_en.ftl"): Not found
2020-07-08 11:12:00,073 DEBUG [main] cache:45 - TemplateLoader.findTemplateSource("test-view/standard.ftl"): Found
2020-07-08 11:12:00,073 DEBUG [main] cache:45 - Loading template for "test-view/standard.ftl"("en", UTF-8, parsed) from "jar:file:/C:/Users/Kamal/.m2/repository/com/aventstack/extentreports/3.1.5/extentreports-3.1.5.jar!/com/aventstack/extentreports/view/html-report/test-view/standard.ftl"
2020-07-08 11:12:00,181 DEBUG [main] cache:45 - "test-view/standard.ftl"("en", UTF-8, parsed) cached copy not yet stale; using cached.
2020-07-08 11:12:00,184 DEBUG [main] cache:45 - "test-view/standard.ftl"("en", UTF-8, parsed) cached copy not yet stale; using cached.
2020-07-08 11:12:00,192 DEBUG [main] cache:45 - "test-view/standard.ftl"("en", UTF-8, parsed) cached copy not yet stale; using cached.
2020-07-08 11:12:00,196 DEBUG [main] cache:45 - "test-view/standard.ftl"("en", UTF-8, parsed) cached copy not yet stale; using cached.
2020-07-08 11:12:00,198 DEBUG [main] cache:45 - "test-view/standard.ftl"("en", UTF-8, parsed) cached copy not yet stale; using cached.
2020-07-08 11:12:00,200 DEBUG [main] cache:45 - "test-view/standard.ftl"("en", UTF-8, parsed) cached copy not yet stale; using cached.
2020-07-08 11:12:00,203 DEBUG [main] cache:45 - Couldn't find template in cache for "category-view/category-view.ftl"("en", UTF-8, parsed); will try to load it.
2020-07-08 11:12:00,205 DEBUG [main] cache:45 - TemplateLoader.findTemplateSource("category-view/category-view_en.ftl"): Not found
2020-07-08 11:12:00,206 DEBUG [main] cache:45 - TemplateLoader.findTemplateSource("category-view/category-view.ftl"): Found
2020-07-08 11:12:00,206 DEBUG [main] cache:45 - Loading template for "category-view/category-view.ftl"("en", UTF-8, parsed) from "jar:file:/C:/Users/Kamal/.m2/repository/com/aventstack/extentreports/3.1.5/extentreports-3.1.5.jar!/com/aventstack/extentreports/view/html-report/category-view/category-view.ftl"
2020-07-08 11:12:00,273 DEBUG [main] cache:45 - Couldn't find template in cache for "author-view/author-view.ftl"("en", UTF-8, parsed); will try to load it.
2020-07-08 11:12:00,274 DEBUG [main] cache:45 - TemplateLoader.findTemplateSource("author-view/author-view_en.ftl"): Not found
2020-07-08 11:12:00,276 DEBUG [main] cache:45 - TemplateLoader.findTemplateSource("author-view/author-view.ftl"): Found
2020-07-08 11:12:00,277 DEBUG [main] cache:45 - Loading template for "author-view/author-view.ftl"("en", UTF-8, parsed) from "jar:file:/C:/Users/Kamal/.m2/repository/com/aventstack/extentreports/3.1.5/extentreports-3.1.5.jar!/com/aventstack/extentreports/view/html-report/author-view/author-view.ftl"
2020-07-08 11:12:00,292 DEBUG [main] cache:45 - Couldn't find template in cache for "exception-view/exception-view.ftl"("en", UTF-8, parsed); will try to load it.
2020-07-08 11:12:00,295 DEBUG [main] cache:45 - TemplateLoader.findTemplateSource("exception-view/exception-view_en.ftl"): Not found
2020-07-08 11:12:00,296 DEBUG [main] cache:45 - TemplateLoader.findTemplateSource("exception-view/exception-view.ftl"): Found
2020-07-08 11:12:00,298 DEBUG [main] cache:45 - Loading template for "exception-view/exception-view.ftl"("en", UTF-8, parsed) from "jar:file:/C:/Users/Kamal/.m2/repository/com/aventstack/extentreports/3.1.5/extentreports-3.1.5.jar!/com/aventstack/extentreports/view/html-report/exception-view/exception-view.ftl"
2020-07-08 11:12:00,309 DEBUG [main] cache:45 - Couldn't find template in cache for "dashboard-view/dashboard-view.ftl"("en", UTF-8, parsed); will try to load it.
2020-07-08 11:12:00,310 DEBUG [main] cache:45 - TemplateLoader.findTemplateSource("dashboard-view/dashboard-view_en.ftl"): Not found
2020-07-08 11:12:00,312 DEBUG [main] cache:45 - TemplateLoader.findTemplateSource("dashboard-view/dashboard-view.ftl"): Found
2020-07-08 11:12:00,314 DEBUG [main] cache:45 - Loading template for "dashboard-view/dashboard-view.ftl"("en", UTF-8, parsed) from "jar:file:/C:/Users/Kamal/.m2/repository/com/aventstack/extentreports/3.1.5/extentreports-3.1.5.jar!/com/aventstack/extentreports/view/html-report/dashboard-view/dashboard-view.ftl"
2020-07-08 11:12:00,349 DEBUG [main] cache:45 - Couldn't find template in cache for "logs-view/testrunner-logs-view.ftl"("en", UTF-8, parsed); will try to load it.
2020-07-08 11:12:00,350 DEBUG [main] cache:45 - TemplateLoader.findTemplateSource("logs-view/testrunner-logs-view_en.ftl"): Not found
2020-07-08 11:12:00,351 DEBUG [main] cache:45 - TemplateLoader.findTemplateSource("logs-view/testrunner-logs-view.ftl"): Found
2020-07-08 11:12:00,352 DEBUG [main] cache:45 - Loading template for "logs-view/testrunner-logs-view.ftl"("en", UTF-8, parsed) from "jar:file:/C:/Users/Kamal/.m2/repository/com/aventstack/extentreports/3.1.5/extentreports-3.1.5.jar!/com/aventstack/extentreports/view/html-report/logs-view/testrunner-logs-view.ftl"
